<?xml version="1.0" encoding="UTF-8"?>
<!-- Generated by org.testng.reporters.JUnitXMLReporter -->
<testsuite hostname="DESKTOP-F32IQAG" ignored="0" name="Default test" tests="4" failures="0" timestamp="2020-07-11T21:34:12 EDT" time="4.838" errors="0">
  <testcase name="test_1" time="3.476" classname="RestAssurtProject.RestAssurtProject.Test_Post"/>
  <testcase name="test_2" time="0.456" classname="RestAssurtProject.RestAssurtProject.Test_Post"/>
  <testcase name="test_3" time="0.434" classname="RestAssurtProject.RestAssurtProject.Test_Post"/>
  <testcase name="test_4" time="0.402" classname="RestAssurtProject.RestAssurtProject.Test_Post"/>
</testsuite> <!-- Default test -->
