<?xml version="1.0" encoding="UTF-8"?>
<testng-results skipped="0" failed="0" ignored="0" total="4" passed="4">
  <reporter-output>
  </reporter-output>
  <suite name="Default suite" duration-ms="4838" started-at="2020-07-11T21:34:08 EDT" finished-at="2020-07-11T21:34:12 EDT">
    <groups>
    </groups>
    <test name="Default test" duration-ms="4838" started-at="2020-07-11T21:34:08 EDT" finished-at="2020-07-11T21:34:12 EDT">
      <class name="RestAssurtProject.RestAssurtProject.Test_Post">
        <test-method status="PASS" signature="test_1()[pri:0, instance:RestAssurtProject.RestAssurtProject.Test_Post@3d99d22e]" name="test_1" duration-ms="3476" started-at="2020-07-11T21:34:08 EDT" finished-at="2020-07-11T21:34:11 EDT">
          <reporter-output>
          </reporter-output>
        </test-method> <!-- test_1 -->
        <test-method status="PASS" signature="test_2()[pri:0, instance:RestAssurtProject.RestAssurtProject.Test_Post@3d99d22e]" name="test_2" duration-ms="456" started-at="2020-07-11T21:34:11 EDT" finished-at="2020-07-11T21:34:12 EDT">
          <reporter-output>
          </reporter-output>
        </test-method> <!-- test_2 -->
        <test-method status="PASS" signature="test_3()[pri:0, instance:RestAssurtProject.RestAssurtProject.Test_Post@3d99d22e]" name="test_3" duration-ms="434" started-at="2020-07-11T21:34:12 EDT" finished-at="2020-07-11T21:34:12 EDT">
          <reporter-output>
          </reporter-output>
        </test-method> <!-- test_3 -->
        <test-method status="PASS" signature="test_4()[pri:0, instance:RestAssurtProject.RestAssurtProject.Test_Post@3d99d22e]" name="test_4" duration-ms="402" started-at="2020-07-11T21:34:12 EDT" finished-at="2020-07-11T21:34:12 EDT">
          <reporter-output>
          </reporter-output>
        </test-method> <!-- test_4 -->
      </class> <!-- RestAssurtProject.RestAssurtProject.Test_Post -->
    </test> <!-- Default test -->
  </suite> <!-- Default suite -->
</testng-results>
